This is pdfTeX, Version 3.14159265-2.6-1.40.20 (TeX Live 2019) (preloaded format=pdflatex 2019.5.8)  12 AUG 2020 17:00
entering extended mode
 restricted \write18 enabled.
 %&-line parsing enabled.
**fftMusiciansGuide.tex
(./fftMusiciansGuide.tex
LaTeX2e <2018-12-01>
(/usr/local/texlive/2019/texmf-dist/tex/latex/base/article.cls
Document Class: article 2018/09/03 v1.4i Standard LaTeX document class
(/usr/local/texlive/2019/texmf-dist/tex/latex/base/size10.clo
File: size10.clo 2018/09/03 v1.4i Standard LaTeX file (size option)
)
\c@part=\count80
\c@section=\count81
\c@subsection=\count82
\c@subsubsection=\count83
\c@paragraph=\count84
\c@subparagraph=\count85
\c@figure=\count86
\c@table=\count87
\abovecaptionskip=\skip41
\belowcaptionskip=\skip42
\bibindent=\dimen102
) (/usr/local/texlive/2019/texmf-dist/tex/latex/geometry/geometry.sty
Package: geometry 2018/04/16 v5.8 Page Geometry
(/usr/local/texlive/2019/texmf-dist/tex/latex/graphics/keyval.sty
Package: keyval 2014/10/28 v1.15 key=value parser (DPC)
\KV@toks@=\toks14
) (/usr/local/texlive/2019/texmf-dist/tex/generic/oberdiek/ifpdf.sty
Package: ifpdf 2018/09/07 v3.3 Provides the ifpdf switch
) (/usr/local/texlive/2019/texmf-dist/tex/generic/oberdiek/ifvtex.sty
Package: ifvtex 2016/05/16 v1.6 Detect VTeX and its facilities (HO)
Package ifvtex Info: VTeX not detected.
) (/usr/local/texlive/2019/texmf-dist/tex/generic/ifxetex/ifxetex.sty
Package: ifxetex 2010/09/12 v0.6 Provides ifxetex conditional
)
\Gm@cnth=\count88
\Gm@cntv=\count89
\c@Gm@tempcnt=\count90
\Gm@bindingoffset=\dimen103
\Gm@wd@mp=\dimen104
\Gm@odd@mp=\dimen105
\Gm@even@mp=\dimen106
\Gm@layoutwidth=\dimen107
\Gm@layoutheight=\dimen108
\Gm@layouthoffset=\dimen109
\Gm@layoutvoffset=\dimen110
\Gm@dimlist=\toks15
) (/usr/local/texlive/2019/texmf-dist/tex/latex/graphics/graphicx.sty
Package: graphicx 2017/06/01 v1.1a Enhanced LaTeX Graphics (DPC,SPQR)
(/usr/local/texlive/2019/texmf-dist/tex/latex/graphics/graphics.sty
Package: graphics 2017/06/25 v1.2c Standard LaTeX Graphics (DPC,SPQR)
(/usr/local/texlive/2019/texmf-dist/tex/latex/graphics/trig.sty
Package: trig 2016/01/03 v1.10 sin cos tan (DPC)
) (/usr/local/texlive/2019/texmf-dist/tex/latex/graphics-cfg/graphics.cfg
File: graphics.cfg 2016/06/04 v1.11 sample graphics configuration
)
Package graphics Info: Driver file: pdftex.def on input line 99.
(/usr/local/texlive/2019/texmf-dist/tex/latex/graphics-def/pdftex.def
File: pdftex.def 2018/01/08 v1.0l Graphics/color driver for pdftex
))
\Gin@req@height=\dimen111
\Gin@req@width=\dimen112
) (/usr/local/texlive/2019/texmf-dist/tex/latex/amsmath/amsmath.sty
Package: amsmath 2018/12/01 v2.17b AMS math features
\@mathmargin=\skip43
For additional information on amsmath, use the `?' option.
(/usr/local/texlive/2019/texmf-dist/tex/latex/amsmath/amstext.sty
Package: amstext 2000/06/29 v2.01 AMS text
(/usr/local/texlive/2019/texmf-dist/tex/latex/amsmath/amsgen.sty
File: amsgen.sty 1999/11/30 v2.0 generic functions
\@emptytoks=\toks16
\ex@=\dimen113
)) (/usr/local/texlive/2019/texmf-dist/tex/latex/amsmath/amsbsy.sty
Package: amsbsy 1999/11/29 v1.2d Bold Symbols
\pmbraise@=\dimen114
) (/usr/local/texlive/2019/texmf-dist/tex/latex/amsmath/amsopn.sty
Package: amsopn 2016/03/08 v2.02 operator names
)
\inf@bad=\count91
LaTeX Info: Redefining \frac on input line 223.
\uproot@=\count92
\leftroot@=\count93
LaTeX Info: Redefining \overline on input line 385.
\classnum@=\count94
\DOTSCASE@=\count95
LaTeX Info: Redefining \ldots on input line 482.
LaTeX Info: Redefining \dots on input line 485.
LaTeX Info: Redefining \cdots on input line 606.
\Mathstrutbox@=\box27
\strutbox@=\box28
\big@size=\dimen115
LaTeX Font Info:    Redeclaring font encoding OML on input line 729.
LaTeX Font Info:    Redeclaring font encoding OMS on input line 730.
\macc@depth=\count96
\c@MaxMatrixCols=\count97
\dotsspace@=\muskip10
\c@parentequation=\count98
\dspbrk@lvl=\count99
\tag@help=\toks17
\row@=\count100
\column@=\count101
\maxfields@=\count102
\andhelp@=\toks18
\eqnshift@=\dimen116
\alignsep@=\dimen117
\tagshift@=\dimen118
\tagwidth@=\dimen119
\totwidth@=\dimen120
\lineht@=\dimen121
\@envbody=\toks19
\multlinegap=\skip44
\multlinetaggap=\skip45
\mathdisplay@stack=\toks20
LaTeX Info: Redefining \[ on input line 2844.
LaTeX Info: Redefining \] on input line 2845.
) (/usr/local/texlive/2019/texmf-dist/tex/latex/tools/indentfirst.sty
Package: indentfirst 1995/11/23 v1.03 Indent first paragraph (DPC)
) (./fftMusiciansGuide.aux)
\openout1 = `fftMusiciansGuide.aux'.

LaTeX Font Info:    Checking defaults for OML/cmm/m/it on input line 15.
LaTeX Font Info:    ... okay on input line 15.
LaTeX Font Info:    Checking defaults for T1/cmr/m/n on input line 15.
LaTeX Font Info:    ... okay on input line 15.
LaTeX Font Info:    Checking defaults for OT1/cmr/m/n on input line 15.
LaTeX Font Info:    ... okay on input line 15.
LaTeX Font Info:    Checking defaults for OMS/cmsy/m/n on input line 15.
LaTeX Font Info:    ... okay on input line 15.
LaTeX Font Info:    Checking defaults for OMX/cmex/m/n on input line 15.
LaTeX Font Info:    ... okay on input line 15.
LaTeX Font Info:    Checking defaults for U/cmr/m/n on input line 15.
LaTeX Font Info:    ... okay on input line 15.
*geometry* driver: auto-detecting
*geometry* detected driver: pdftex
*geometry* verbose mode - [ preamble ] result:
* driver: pdftex
* paper: a4paper
* layout: <same size as paper>
* layoutoffset:(h,v)=(0.0pt,0.0pt)
* modes: 
* h-part:(L,W,R)=(72.26999pt, 452.9679pt, 72.26999pt)
* v-part:(T,H,B)=(72.26999pt, 700.50687pt, 72.26999pt)
* \paperwidth=597.50787pt
* \paperheight=845.04684pt
* \textwidth=452.9679pt
* \textheight=700.50687pt
* \oddsidemargin=0.0pt
* \evensidemargin=0.0pt
* \topmargin=-37.0pt
* \headheight=12.0pt
* \headsep=25.0pt
* \topskip=10.0pt
* \footskip=18.06749pt
* \marginparwidth=65.0pt
* \marginparsep=11.0pt
* \columnsep=10.0pt
* \skip\footins=9.0pt plus 4.0pt minus 2.0pt
* \hoffset=0.0pt
* \voffset=0.0pt
* \mag=1000
* \@twocolumnfalse
* \@twosidefalse
* \@mparswitchfalse
* \@reversemarginfalse
* (1in=72.27pt=25.4mm, 1cm=28.453pt)

(/usr/local/texlive/2019/texmf-dist/tex/context/base/mkii/supp-pdf.mkii
[Loading MPS to PDF converter (version 2006.09.02).]
\scratchcounter=\count103
\scratchdimen=\dimen122
\scratchbox=\box29
\nofMPsegments=\count104
\nofMParguments=\count105
\everyMPshowfont=\toks21
\MPscratchCnt=\count106
\MPscratchDim=\dimen123
\MPnumerator=\count107
\makeMPintoPDFobject=\count108
\everyMPtoPDFconversion=\toks22
) (/usr/local/texlive/2019/texmf-dist/tex/latex/oberdiek/epstopdf-base.sty
Package: epstopdf-base 2016/05/15 v2.6 Base part for package epstopdf
(/usr/local/texlive/2019/texmf-dist/tex/generic/oberdiek/infwarerr.sty
Package: infwarerr 2016/05/16 v1.4 Providing info/warning/error messages (HO)
) (/usr/local/texlive/2019/texmf-dist/tex/latex/oberdiek/grfext.sty
Package: grfext 2016/05/16 v1.2 Manage graphics extensions (HO)
(/usr/local/texlive/2019/texmf-dist/tex/generic/oberdiek/kvdefinekeys.sty
Package: kvdefinekeys 2016/05/16 v1.4 Define keys (HO)
(/usr/local/texlive/2019/texmf-dist/tex/generic/oberdiek/ltxcmds.sty
Package: ltxcmds 2016/05/16 v1.23 LaTeX kernel commands for general use (HO)
))) (/usr/local/texlive/2019/texmf-dist/tex/latex/oberdiek/kvoptions.sty
Package: kvoptions 2016/05/16 v3.12 Key value format for package options (HO)
(/usr/local/texlive/2019/texmf-dist/tex/generic/oberdiek/kvsetkeys.sty
Package: kvsetkeys 2016/05/16 v1.17 Key value parser (HO)
(/usr/local/texlive/2019/texmf-dist/tex/generic/oberdiek/etexcmds.sty
Package: etexcmds 2016/05/16 v1.6 Avoid name clashes with e-TeX commands (HO)
(/usr/local/texlive/2019/texmf-dist/tex/generic/oberdiek/ifluatex.sty
Package: ifluatex 2016/05/16 v1.4 Provides the ifluatex switch (HO)
Package ifluatex Info: LuaTeX not detected.
)))) (/usr/local/texlive/2019/texmf-dist/tex/generic/oberdiek/pdftexcmds.sty
Package: pdftexcmds 2018/09/10 v0.29 Utility functions of pdfTeX for LuaTeX (HO
)
Package pdftexcmds Info: LuaTeX not detected.
Package pdftexcmds Info: \pdf@primitive is available.
Package pdftexcmds Info: \pdf@ifprimitive is available.
Package pdftexcmds Info: \pdfdraftmode found.
)
Package epstopdf-base Info: Redefining graphics rule for `.eps' on input line 4
38.
Package grfext Info: Graphics extension search list:
(grfext)             [.pdf,.png,.jpg,.mps,.jpeg,.jbig2,.jb2,.PDF,.PNG,.JPG,.JPE
G,.JBIG2,.JB2,.eps]
(grfext)             \AppendGraphicsExtensions on input line 456.
(/usr/local/texlive/2019/texmf-dist/tex/latex/latexconfig/epstopdf-sys.cfg
File: epstopdf-sys.cfg 2010/07/13 v1.3 Configuration of (r)epstopdf for TeX Liv
e
)) (./intro.tex [1

{/usr/local/texlive/2019/texmf-var/fonts/map/pdftex/updmap/pdftex.map}]) (./ort
hogonality.tex [2]
<./images/twoSinusoids.png, id=18, 361.35pt x 216.81pt>
File: ./images/twoSinusoids.png Graphic file (type png)
<use ./images/twoSinusoids.png>
Package pdftex.def Info: ./images/twoSinusoids.png  used on input line 45.
(pdftex.def)             Requested size: 289.0804pt x 173.44823pt.

LaTeX Warning: `h' float specifier changed to `ht'.

[3]
<./images/twoSinusoidsPoints.png, id=25, 361.35pt x 216.81pt>
File: ./images/twoSinusoidsPoints.png Graphic file (type png)
<use ./images/twoSinusoidsPoints.png>
Package pdftex.def Info: ./images/twoSinusoidsPoints.png  used on input line 88
.
(pdftex.def)             Requested size: 289.0804pt x 173.44823pt.
LaTeX Font Info:    Try loading font information for OMS+cmr on input line 96.
(/usr/local/texlive/2019/texmf-dist/tex/latex/base/omscmr.fd
File: omscmr.fd 2014/09/29 v2.5h Standard LaTeX font definitions
)
LaTeX Font Info:    Font shape `OMS/cmr/m/n' in size <10> not available
(Font)              Font shape `OMS/cmsy/m/n' tried instead on input line 96.
[4 <./images/twoSinusoids.png> <./images/twoSinusoidsPoints.png>]
<./images/test.png, id=31, 746.79pt x 200.75pt>
File: ./images/test.png Graphic file (type png)
<use ./images/test.png>
Package pdftex.def Info: ./images/test.png  used on input line 118.
(pdftex.def)             Requested size: 298.7107pt x 80.29857pt.
[5 <./images/test.png>]
<./images/testImplemented.png, id=36, 1046.91125pt x 244.915pt>
File: ./images/testImplemented.png Graphic file (type png)
<use ./images/testImplemented.png>
Package pdftex.def Info: ./images/testImplemented.png  used on input line 172.
(pdftex.def)             Requested size: 418.75708pt x 97.96425pt.
<./images/testComplete.png, id=37, 1061.9675pt x 396.48125pt>
File: ./images/testComplete.png Graphic file (type png)
<use ./images/testComplete.png>
Package pdftex.def Info: ./images/testComplete.png  used on input line 213.
(pdftex.def)             Requested size: 424.77948pt x 158.58968pt.

LaTeX Warning: `h' float specifier changed to `ht'.

[6 <./images/testImplemented.png>] [7 <./images/testComplete.png>]
<./images/testComplex.png, id=50, 1033.8625pt x 228.855pt>
File: ./images/testComplex.png Graphic file (type png)
<use ./images/testComplex.png>
Package pdftex.def Info: ./images/testComplex.png  used on input line 286.
(pdftex.def)             Requested size: 413.53767pt x 91.54037pt.
) (./dft.tex [8 <./images/testComplex.png>] [9] [10] [11]
<./images/magnitude.jpg, id=70, 1124.2pt x 843.15pt>
File: ./images/magnitude.jpg Graphic file (type jpg)
<use ./images/magnitude.jpg>
Package pdftex.def Info: ./images/magnitude.jpg  used on input line 257.
(pdftex.def)             Requested size: 337.2626pt x 252.94695pt.
<./images/phase.jpg, id=71, 1124.2pt x 843.15pt>
File: ./images/phase.jpg Graphic file (type jpg)
<use ./images/phase.jpg>
Package pdftex.def Info: ./images/phase.jpg  used on input line 265.
(pdftex.def)             Requested size: 337.2626pt x 252.94695pt.

LaTeX Warning: `h' float specifier changed to `ht'.

[12 <./images/magnitude.jpg>]) (./periodicity.tex [13 <./images/phase.jpg>]
<./images/aperiodic.jpg, id=79, 1124.2pt x 1138.2525pt>
File: ./images/aperiodic.jpg Graphic file (type jpg)
<use ./images/aperiodic.jpg>
Package pdftex.def Info: ./images/aperiodic.jpg  used on input line 69.
(pdftex.def)             Requested size: 337.2626pt x 341.4784pt.
[14] [15 <./images/aperiodic.jpg>]
<./images/square.jpg, id=86, 1124.2pt x 843.15pt>
File: ./images/square.jpg Graphic file (type jpg)
<use ./images/square.jpg>
Package pdftex.def Info: ./images/square.jpg  used on input line 151.
(pdftex.def)             Requested size: 337.2626pt x 252.94695pt.

LaTeX Warning: `h' float specifier changed to `ht'.

<./images/basis.jpg, id=87, 1124.2pt x 843.15pt>
File: ./images/basis.jpg Graphic file (type jpg)
<use ./images/basis.jpg>
Package pdftex.def Info: ./images/basis.jpg  used on input line 159.
(pdftex.def)             Requested size: 337.2626pt x 252.94695pt.

LaTeX Warning: `h' float specifier changed to `ht'.

[16]) (./practical.tex [17 <./images/square.jpg>]
<./images/violin.jpg, id=94, 1654.18pt x 1122.1925pt>
File: ./images/violin.jpg Graphic file (type jpg)
<use ./images/violin.jpg>
Package pdftex.def Info: ./images/violin.jpg  used on input line 15.
(pdftex.def)             Requested size: 463.16724pt x 314.21176pt.

Overfull \hbox (10.19934pt too wide) in paragraph at lines 15--16
 [] 
 []


LaTeX Warning: `h' float specifier changed to `ht'.

[18 <./images/basis.jpg>]
<./images/violinTwoNotes.jpg, id=98, 2156.055pt x 1399.2275pt>
File: ./images/violinTwoNotes.jpg Graphic file (type jpg)
<use ./images/violinTwoNotes.jpg>
Package pdftex.def Info: ./images/violinTwoNotes.jpg  used on input line 73.
(pdftex.def)             Requested size: 474.33357pt x 307.831pt.

Overfull \hbox (21.36568pt too wide) in paragraph at lines 73--74
 [] 
 []


LaTeX Warning: `h' float specifier changed to `ht'.

[19 <./images/violin.jpg>]) (./inverse.tex [20 <./images/violinTwoNotes.jpg>]) 
(./outro.tex [21]
<./images/spectrogram.jpg, id=109, 1124.2pt x 843.15pt>
File: ./images/spectrogram.jpg Graphic file (type jpg)
<use ./images/spectrogram.jpg>
Package pdftex.def Info: ./images/spectrogram.jpg  used on input line 42.
(pdftex.def)             Requested size: 393.47589pt x 295.10692pt.
) [22 <./images/spectrogram.jpg>] (./appendixC.tex
Overfull \hbox (10.49954pt too wide) in paragraph at lines 27--32
[]\OT1/cmr/m/n/10 Let us now an-a-lyze the por-tion in paren-the-ses. If $\OML/
cmm/m/it/10 n \OMS/cmsy/m/n/10 6\OT1/cmr/m/n/10 = \OML/cmm/m/it/10 m$\OT1/cmr/m
/n/10 , then $[] [][] \OML/cmm/m/it/10 e[] \OT1/cmr/m/n/10 = [] =
 []

) [23] (./fftMusiciansGuide.aux) ) 
Here is how much of TeX's memory you used:
 2686 strings out of 492616
 38045 string characters out of 6129482
 118493 words of memory out of 5000000
 6536 multiletter control sequences out of 15000+600000
 10827 words of font info for 39 fonts, out of 8000000 for 9000
 1141 hyphenation exceptions out of 8191
 41i,9n,32p,392b,273s stack positions out of 5000i,500n,10000p,200000b,80000s
</usr/local/texlive/2019/texmf-dist/fonts/typ
e1/public/amsfonts/cm/cmbx10.pfb></usr/local/texlive/2019/texmf-dist/fonts/type
1/public/amsfonts/cm/cmbx12.pfb></usr/local/texlive/2019/texmf-dist/fonts/type1
/public/amsfonts/cm/cmex10.pfb></usr/local/texlive/2019/texmf-dist/fonts/type1/
public/amsfonts/cm/cmmi10.pfb></usr/local/texlive/2019/texmf-dist/fonts/type1/p
ublic/amsfonts/cm/cmmi12.pfb></usr/local/texlive/2019/texmf-dist/fonts/type1/pu
blic/amsfonts/cm/cmmi5.pfb></usr/local/texlive/2019/texmf-dist/fonts/type1/publ
ic/amsfonts/cm/cmmi6.pfb></usr/local/texlive/2019/texmf-dist/fonts/type1/public
/amsfonts/cm/cmmi7.pfb></usr/local/texlive/2019/texmf-dist/fonts/type1/public/a
msfonts/cm/cmmi8.pfb></usr/local/texlive/2019/texmf-dist/fonts/type1/public/ams
fonts/cm/cmr10.pfb></usr/local/texlive/2019/texmf-dist/fonts/type1/public/amsfo
nts/cm/cmr12.pfb></usr/local/texlive/2019/texmf-dist/fonts/type1/public/amsfont
s/cm/cmr17.pfb></usr/local/texlive/2019/texmf-dist/fonts/type1/public/amsfonts/
cm/cmr5.pfb></usr/local/texlive/2019/texmf-dist/fonts/type1/public/amsfonts/cm/
cmr6.pfb></usr/local/texlive/2019/texmf-dist/fonts/type1/public/amsfonts/cm/cmr
7.pfb></usr/local/texlive/2019/texmf-dist/fonts/type1/public/amsfonts/cm/cmr8.p
fb></usr/local/texlive/2019/texmf-dist/fonts/type1/public/amsfonts/cm/cmsy10.pf
b></usr/local/texlive/2019/texmf-dist/fonts/type1/public/amsfonts/cm/cmsy5.pfb>
</usr/local/texlive/2019/texmf-dist/fonts/type1/public/amsfonts/cm/cmsy7.pfb></
usr/local/texlive/2019/texmf-dist/fonts/type1/public/amsfonts/cm/cmsy8.pfb></us
r/local/texlive/2019/texmf-dist/fonts/type1/public/amsfonts/cm/cmti10.pfb>
Output written on fftMusiciansGuide.pdf (23 pages, 1722546 bytes).
PDF statistics:
 184 PDF objects out of 1000 (max. 8388607)
 116 compressed objects within 2 object streams
 0 named destinations out of 1000 (max. 500000)
 71 words of extra memory for PDF output out of 10000 (max. 10000000)

